This is pdfTeX, Version 3.1415926-2.3-1.40.12 (MiKTeX 2.9) (preloaded format=pdflatex 2017.3.5)  28 JUL 2017 17:17
entering extended mode
**E:/MyNotes/Convex_Set/Convex_Set.tex
(E:/MyNotes/Convex_Set/Convex_Set.tex
LaTeX2e <2011/06/27>
Babel <v3.8m> and hyphenation patterns for loaded.
(d:\CTEX\MiKTeX\tex\latex\base\article.cls
Document Class: article 2007/10/19 v1.4h Standard LaTeX document class
(d:\CTEX\MiKTeX\tex\latex\base\size12.clo
File: size12.clo 2007/10/19 v1.4h Standard LaTeX file (size option)
)
\c@part=\count79
\c@section=\count80
\c@subsection=\count81
\c@subsubsection=\count82
\c@paragraph=\count83
\c@subparagraph=\count84
\c@figure=\count85
\c@table=\count86
\abovecaptionskip=\skip41
\belowcaptionskip=\skip42
\bibindent=\dimen102
)
(d:\CTEX\MiKTeX\tex\latex\cjk\CJK.sty
Package: CJK 2008/12/29 4.8.2

(d:\CTEX\MiKTeX\tex\latex\cjk\mule\MULEenc.sty
Package: MULEenc 2008/12/29 4.8.2
)
(d:\CTEX\MiKTeX\tex\latex\cjk\CJK.enc
File: CJK.enc 2008/12/29 4.8.2
)
LaTeX Info: Redefining \selectfont on input line 756.
\CJK@indent=\box26
)
(d:\CTEX\MiKTeX\tex\latex\base\fontenc.sty
Package: fontenc 2005/09/27 v1.99g Standard LaTeX package

(d:\CTEX\MiKTeX\tex\latex\base\t1enc.def
File: t1enc.def 2005/09/27 v1.99g Standard LaTeX file
LaTeX Font Info:    Redeclaring font encoding T1 on input line 43.
))
(d:\CTEX\MiKTeX\tex\latex\amsfonts\amsfonts.sty
Package: amsfonts 2009/06/22 v3.00 Basic AMSFonts support
\@emptytoks=\toks14
\symAMSa=\mathgroup4
\symAMSb=\mathgroup5
LaTeX Font Info:    Overwriting math alphabet `\mathfrak' in version `bold'
(Font)                  U/euf/m/n --> U/euf/b/n on input line 96.
)
(d:\CTEX\MiKTeX\tex\latex\emerald\emerald.sty
Package: emerald 2006/01/26 v1.0 LaTeX2e package which gives support for ECF (e
merald city fontwerks) fonts
)
(d:\CTEX\MiKTeX\tex\latex\lxfonts\lxfonts.sty
Package: lxfonts 2008/01/20 v.0.4 For using modified LX fonts
LaTeX Font Info:    Redeclaring math alphabet \mathbf on input line 130.
LaTeX Font Info:    Overwriting math alphabet `\mathbf' in version `normal'
(Font)                  OT1/cmr/bx/n --> OT1/llcmss/bx/n on input line 130.
LaTeX Font Info:    Overwriting math alphabet `\mathbf' in version `bold'
(Font)                  OT1/cmr/bx/n --> OT1/llcmss/bx/n on input line 130.
LaTeX Font Info:    Redeclaring math alphabet \mathit on input line 131.
LaTeX Font Info:    Overwriting math alphabet `\mathit' in version `normal'
(Font)                  OT1/cmr/m/it --> OT1/llcmss/m/sl on input line 131.
LaTeX Font Info:    Overwriting math alphabet `\mathit' in version `bold'
(Font)                  OT1/cmr/bx/it --> OT1/llcmss/m/sl on input line 131.
LaTeX Font Info:    Redeclaring math alphabet \mathtt on input line 132.
LaTeX Font Info:    Overwriting math alphabet `\mathtt' in version `normal'
(Font)                  OT1/cmtt/m/n --> OT1/llcmtt/m/n on input line 132.
LaTeX Font Info:    Overwriting math alphabet `\mathtt' in version `bold'
(Font)                  OT1/cmtt/m/n --> OT1/llcmtt/m/n on input line 132.
LaTeX Font Info:    Overwriting math alphabet `\mathsf' in version `bold'
(Font)                  OT1/cmss/bx/n --> OT1/llcmss/bx/n on input line 134.
LaTeX Font Info:    Overwriting math alphabet `\mathit' in version `bold'
(Font)                  OT1/llcmss/m/sl --> OT1/llcmss/bx/sl on input line 135.

LaTeX Font Info:    Redeclaring symbol font `operators' on input line 137.
LaTeX Font Info:    Overwriting symbol font `operators' in version `normal'
(Font)                  OT1/cmr/m/n --> OT1/llcmss/m/n on input line 137.
LaTeX Font Info:    Overwriting symbol font `operators' in version `bold'
(Font)                  OT1/cmr/bx/n --> OT1/llcmss/m/n on input line 137.
LaTeX Font Info:    Redeclaring symbol font `letters' on input line 138.
LaTeX Font Info:    Overwriting symbol font `letters' in version `normal'
(Font)                  OML/cmm/m/it --> OML/llcmm/m/it on input line 138.
LaTeX Font Info:    Overwriting symbol font `letters' in version `bold'
(Font)                  OML/cmm/b/it --> OML/llcmm/m/it on input line 138.
LaTeX Font Info:    Redeclaring symbol font `symbols' on input line 139.
LaTeX Font Info:    Overwriting symbol font `symbols' in version `normal'
(Font)                  OMS/cmsy/m/n --> OMS/llcmsy/m/n on input line 139.
LaTeX Font Info:    Overwriting symbol font `symbols' in version `bold'
(Font)                  OMS/cmsy/b/n --> OMS/llcmsy/m/n on input line 139.
LaTeX Font Info:    Redeclaring symbol font `largesymbols' on input line 140.
LaTeX Font Info:    Overwriting symbol font `largesymbols' in version `normal'
(Font)                  OMX/cmex/m/n --> OMX/llcmex/m/n on input line 140.
LaTeX Font Info:    Overwriting symbol font `largesymbols' in version `bold'
(Font)                  OMX/cmex/m/n --> OMX/llcmex/m/n on input line 140.
LaTeX Font Info:    Redeclaring math alphabet \mathsf on input line 145.
LaTeX Font Info:    Overwriting symbol font `operators' in version `normal'
(Font)                  OT1/llcmss/m/n --> OT1/llcmss/m/n on input line 147.
LaTeX Font Info:    Overwriting symbol font `letters' in version `normal'
(Font)                  OML/llcmm/m/it --> OML/llcmm/m/it on input line 148.
LaTeX Font Info:    Overwriting symbol font `symbols' in version `normal'
(Font)                  OMS/llcmsy/m/n --> OMS/llcmsy/m/n on input line 149.
LaTeX Font Info:    Overwriting symbol font `largesymbols' in version `normal'
(Font)                  OMX/llcmex/m/n --> OMX/llcmex/m/n on input line 150.
LaTeX Font Info:    Overwriting symbol font `operators' in version `bold'
(Font)                  OT1/llcmss/m/n --> OT1/llcmss/bx/n on input line 152.
LaTeX Font Info:    Overwriting symbol font `letters' in version `bold'
(Font)                  OML/llcmm/m/it --> OML/llcmm/bx/it on input line 153.
LaTeX Font Info:    Overwriting symbol font `symbols' in version `bold'
(Font)                  OMS/llcmsy/m/n --> OMS/llcmsy/bx/n on input line 154.
LaTeX Font Info:    Overwriting symbol font `largesymbols' in version `bold'
(Font)                  OMX/llcmex/m/n --> OMX/llcmex/m/n on input line 155.
)
(d:\CTEX\MiKTeX\tex\latex\ams\math\amsmath.sty
Package: amsmath 2000/07/18 v2.13 AMS math features
\@mathmargin=\skip43

For additional information on amsmath, use the `?' option.
(d:\CTEX\MiKTeX\tex\latex\ams\math\amstext.sty
Package: amstext 2000/06/29 v2.01

(d:\CTEX\MiKTeX\tex\latex\ams\math\amsgen.sty
File: amsgen.sty 1999/11/30 v2.0
\@emptytoks=\toks15
\ex@=\dimen103
))
(d:\CTEX\MiKTeX\tex\latex\ams\math\amsbsy.sty
Package: amsbsy 1999/11/29 v1.2d
\pmbraise@=\dimen104
)
(d:\CTEX\MiKTeX\tex\latex\ams\math\amsopn.sty
Package: amsopn 1999/12/14 v2.01 operator names
)
\inf@bad=\count87
LaTeX Info: Redefining \frac on input line 211.
\uproot@=\count88
\leftroot@=\count89
LaTeX Info: Redefining \overline on input line 307.
\classnum@=\count90
\DOTSCASE@=\count91
LaTeX Info: Redefining \ldots on input line 379.
LaTeX Info: Redefining \dots on input line 382.
LaTeX Info: Redefining \cdots on input line 467.
\Mathstrutbox@=\box27
\strutbox@=\box28
\big@size=\dimen105
LaTeX Font Info:    Redeclaring font encoding OML on input line 567.
LaTeX Font Info:    Redeclaring font encoding OMS on input line 568.
\macc@depth=\count92
\c@MaxMatrixCols=\count93
\dotsspace@=\muskip10
\c@parentequation=\count94
\dspbrk@lvl=\count95
\tag@help=\toks16
\row@=\count96
\column@=\count97
\maxfields@=\count98
\andhelp@=\toks17
\eqnshift@=\dimen106
\alignsep@=\dimen107
\tagshift@=\dimen108
\tagwidth@=\dimen109
\totwidth@=\dimen110
\lineht@=\dimen111
\@envbody=\toks18
\multlinegap=\skip44
\multlinetaggap=\skip45
\mathdisplay@stack=\toks19
LaTeX Info: Redefining \[ on input line 2666.
LaTeX Info: Redefining \] on input line 2667.
)
(d:\CTEX\MiKTeX\tex\latex\graphics\graphicx.sty
Package: graphicx 1999/02/16 v1.0f Enhanced LaTeX Graphics (DPC,SPQR)

(d:\CTEX\MiKTeX\tex\latex\graphics\keyval.sty
Package: keyval 1999/03/16 v1.13 key=value parser (DPC)
\KV@toks@=\toks20
)
(d:\CTEX\MiKTeX\tex\latex\graphics\graphics.sty
Package: graphics 2009/02/05 v1.0o Standard LaTeX Graphics (DPC,SPQR)

(d:\CTEX\MiKTeX\tex\latex\graphics\trig.sty
Package: trig 1999/03/16 v1.09 sin cos tan (DPC)
)
(d:\CTEX\MiKTeX\tex\latex\00miktex\graphics.cfg
File: graphics.cfg 2007/01/18 v1.5 graphics configuration of teTeX/TeXLive
)
Package graphics Info: Driver file: pdftex.def on input line 91.

(d:\CTEX\MiKTeX\tex\latex\pdftex-def\pdftex.def
File: pdftex.def 2011/05/27 v0.06d Graphics/color for pdfTeX

(d:\CTEX\MiKTeX\tex\generic\oberdiek\infwarerr.sty
Package: infwarerr 2010/04/08 v1.3 Providing info/warning/message (HO)
)
(d:\CTEX\MiKTeX\tex\generic\oberdiek\ltxcmds.sty
Package: ltxcmds 2011/04/18 v1.20 LaTeX kernel commands for general use (HO)
)
\Gread@gobject=\count99
))
\Gin@req@height=\dimen112
\Gin@req@width=\dimen113
)
(d:\CTEX\MiKTeX\tex\latex\eso-pic\eso-pic.sty
Package: eso-pic 2010/10/06 v2.0c eso-pic (RN)

(d:\CTEX\MiKTeX\tex\generic\oberdiek\atbegshi.sty
Package: atbegshi 2011/01/30 v1.15 At begin shipout hook (HO)

(d:\CTEX\MiKTeX\tex\generic\oberdiek\ifpdf.sty
Package: ifpdf 2011/01/30 v2.3 Provides the ifpdf switch (HO)
Package ifpdf Info: pdfTeX in PDF mode is detected.
))
(d:\CTEX\MiKTeX\tex\latex\xcolor\xcolor.sty
Package: xcolor 2007/01/21 v2.11 LaTeX color extensions (UK)

(d:\CTEX\MiKTeX\tex\latex\00miktex\color.cfg
File: color.cfg 2007/01/18 v1.5 color configuration of teTeX/TeXLive
)
Package xcolor Info: Driver file: pdftex.def on input line 225.
Package xcolor Info: Model `cmy' substituted by `cmy0' on input line 1337.
Package xcolor Info: Model `hsb' substituted by `rgb' on input line 1341.
Package xcolor Info: Model `RGB' extended on input line 1353.
Package xcolor Info: Model `HTML' substituted by `rgb' on input line 1355.
Package xcolor Info: Model `Hsb' substituted by `hsb' on input line 1356.
Package xcolor Info: Model `tHsb' substituted by `hsb' on input line 1357.
Package xcolor Info: Model `HSB' substituted by `hsb' on input line 1358.
Package xcolor Info: Model `Gray' substituted by `gray' on input line 1359.
Package xcolor Info: Model `wave' substituted by `hsb' on input line 1360.
))
(d:\CTEX\MiKTeX\tex\latex\lastpage\lastpage.sty
Package: lastpage 2011/09/01 v1.2k Refers to last page's name (HMM; JPG)
)
(d:\CTEX\MiKTeX\tex\latex\geometry\geometry.sty
Package: geometry 2010/09/12 v5.6 Page Geometry

(d:\CTEX\MiKTeX\tex\generic\oberdiek\ifvtex.sty
Package: ifvtex 2010/03/01 v1.5 Switches for detecting VTeX and its modes (HO)
Package ifvtex Info: VTeX not detected.
)
(d:\CTEX\MiKTeX\tex\generic\ifxetex\ifxetex.sty
Package: ifxetex 2010/09/12 v0.6 Provides ifxetex conditional
)
\Gm@cnth=\count100
\Gm@cntv=\count101
\c@Gm@tempcnt=\count102
\Gm@bindingoffset=\dimen114
\Gm@wd@mp=\dimen115
\Gm@odd@mp=\dimen116
\Gm@even@mp=\dimen117
\Gm@layoutwidth=\dimen118
\Gm@layoutheight=\dimen119
\Gm@layouthoffset=\dimen120
\Gm@layoutvoffset=\dimen121
\Gm@dimlist=\toks21

(d:\CTEX\MiKTeX\tex\latex\geometry\geometry.cfg))
(d:\CTEX\MiKTeX\tex\latex\mdframed\mdframed.sty
Package: mdframed 2012/03/04 v1.4: mdframed

(d:\CTEX\MiKTeX\tex\latex\oberdiek\kvoptions.sty
Package: kvoptions 2010/12/23 v3.10 Keyval support for LaTeX options (HO)

(d:\CTEX\MiKTeX\tex\generic\oberdiek\kvsetkeys.sty
Package: kvsetkeys 2011/04/07 v1.13 Key value parser (HO)

(d:\CTEX\MiKTeX\tex\generic\oberdiek\etexcmds.sty
Package: etexcmds 2011/02/16 v1.5 Prefix for e-TeX command names (HO)

(d:\CTEX\MiKTeX\tex\generic\oberdiek\ifluatex.sty
Package: ifluatex 2010/03/01 v1.3 Provides the ifluatex switch (HO)
Package ifluatex Info: LuaTeX not detected.
)
Package etexcmds Info: Could not find \expanded.
(etexcmds)             That can mean that you are not using pdfTeX 1.50 or
(etexcmds)             that some package has redefined \expanded.
(etexcmds)             In the latter case, load this package earlier.
)))
(d:\CTEX\MiKTeX\tex\latex\l3packages\xparse\xparse.sty
(d:\CTEX\MiKTeX\tex\latex\l3kernel\expl3.sty
(d:\CTEX\MiKTeX\tex\latex\l3kernel\l3names.sty
(d:\CTEX\MiKTeX\tex\latex\l3kernel\l3bootstrap.sty
Package: l3bootstrap 2011/12/29 v3110 L3 Experimental bootstrap code
)
Package: l3names 2011/12/30 v3113 L3 Experimental namespace for primitives
)
(d:\CTEX\MiKTeX\tex\latex\misc\etex.sty
Package: etex 1998/03/26 v2.0 eTeX basic definition package (PEB)
\et@xins=\count103
)
Package: expl3 2012/02/26 v3471 L3 Experimental code bundle wrapper

(d:\CTEX\MiKTeX\tex\latex\l3kernel\l3basics.sty
Package: l3basics 2012/02/26 v3460 L3 Experimental basic definitions
)
(d:\CTEX\MiKTeX\tex\latex\l3kernel\l3expan.sty
Package: l3expan 2012/02/26 v3460 L3 Experimental argument expansion
)
(d:\CTEX\MiKTeX\tex\latex\l3kernel\l3tl.sty
Package: l3tl 2012/02/26 v3460 L3 Experimental token lists
)
(d:\CTEX\MiKTeX\tex\latex\l3kernel\l3seq.sty
Package: l3seq 2012/01/09 v3158 L3 Experimental sequences and stacks
)
(d:\CTEX\MiKTeX\tex\latex\l3kernel\l3int.sty
Package: l3int 2012/02/26 v3460 L3 Experimental integers
\c_max_int=\count104
\l_tmpa_int=\count105
\l_tmpb_int=\count106
\l_tmpc_int=\count107
\g_tmpa_int=\count108
\g_tmpb_int=\count109
)
(d:\CTEX\MiKTeX\tex\latex\l3kernel\l3quark.sty
Package: l3quark 2012/02/12 v3384 L3 Experimental quarks
)
(d:\CTEX\MiKTeX\tex\latex\l3kernel\l3prg.sty
Package: l3prg 2012/02/26 v3464 L3 Experimental control structures
\g_prg_map_int=\count110
)
(d:\CTEX\MiKTeX\tex\latex\l3kernel\l3clist.sty
Package: l3clist 2012/02/26 v3460 L3 Experimental comma separated lists
)
(d:\CTEX\MiKTeX\tex\latex\l3kernel\l3token.sty
Package: l3token 2012/02/26 v3460 L3 Experimental token manipulation
)
(d:\CTEX\MiKTeX\tex\latex\l3kernel\l3prop.sty
Package: l3prop 2012/02/26 v3460 L3 Experimental property lists
)
(d:\CTEX\MiKTeX\tex\latex\l3kernel\l3msg.sty
Package: l3msg 2012/02/26 v3470 L3 Experimental messages
)
(d:\CTEX\MiKTeX\tex\latex\l3kernel\l3file.sty
Package: l3file 2012/02/26 v3464 L3 Experimental file and I/O operations
\l_iow_stream_int=\count111
\l_iow_line_length_int=\count112
\l_iow_target_length_int=\count113
\l_iow_current_line_int=\count114
\l_iow_current_word_int=\count115
\l_iow_current_indentation_int=\count116
)
(d:\CTEX\MiKTeX\tex\latex\l3kernel\l3skip.sty
Package: l3skip 2012/02/26 v3460 L3 Experimental dimensions and skips
\l_tmpa_dim=\dimen122
\l_tmpb_dim=\dimen123
\l_tmpc_dim=\dimen124
\g_tmpa_dim=\dimen125
\g_tmpb_dim=\dimen126
\l_tmpa_skip=\skip46
\l_tmpb_skip=\skip47
\l_tmpc_skip=\skip48
\g_tmpa_skip=\skip49
\g_tmpb_skip=\skip50
)
(d:\CTEX\MiKTeX\tex\latex\l3kernel\l3keys.sty
Package: l3keys 2011/12/22 v3086 L3 Experimental key-value interfaces
\g_keyval_level_int=\count117
\l_keys_choice_int=\count118
)
(d:\CTEX\MiKTeX\tex\latex\l3kernel\l3fp.sty
Package: l3fp 2012/02/06 v3315 L3 Experimental floating-point operations
\c_one_million=\count119
\c_one_hundred_million=\count120
\c_five_hundred_million=\count121
\c_one_thousand_million=\count122
\c_fp_pi_by_four_decimal_int=\count123
\c_fp_pi_by_four_extended_int=\count124
\c_fp_pi_decimal_int=\count125
\c_fp_pi_extended_int=\count126
\c_fp_two_pi_decimal_int=\count127
\c_fp_two_pi_extended_int=\count128
\l_fp_count_int=\count129
\l_fp_div_offset_int=\count130
\l_fp_exp_integer_int=\count131
\l_fp_exp_decimal_int=\count132
\l_fp_exp_extended_int=\count133
\l_fp_exp_exponent_int=\count134
\l_fp_input_a_sign_int=\count135
\l_fp_input_a_integer_int=\count136
\l_fp_input_a_decimal_int=\count137
\l_fp_input_a_exponent_int=\count138
\l_fp_input_b_sign_int=\count139
\l_fp_input_b_integer_int=\count140
\l_fp_input_b_decimal_int=\count141
\l_fp_input_b_exponent_int=\count142
\l_fp_input_a_extended_int=\count143
\l_fp_input_b_extended_int=\count144
\l_fp_mul_a_i_int=\count145
\l_fp_mul_a_ii_int=\count146
\l_fp_mul_a_iii_int=\count147
\l_fp_mul_a_iv_int=\count148
\l_fp_mul_a_v_int=\count149
\l_fp_mul_a_vi_int=\count150
\l_fp_mul_b_i_int=\count151
\l_fp_mul_b_ii_int=\count152
\l_fp_mul_b_iii_int=\count153
\l_fp_mul_b_iv_int=\count154
\l_fp_mul_b_v_int=\count155
\l_fp_mul_b_vi_int=\count156
\l_fp_mul_output_int=\count157
\l_fp_output_sign_int=\count158
\l_fp_output_integer_int=\count159
\l_fp_output_decimal_int=\count160
\l_fp_output_exponent_int=\count161
\l_fp_output_extended_int=\count162
\l_fp_round_position_int=\count163
\l_fp_round_target_int=\count164
\l_fp_split_sign_int=\count165
\l_fp_internal_int=\count166
\l_fp_trig_octant_int=\count167
\l_fp_trig_sign_int=\count168
\l_fp_trig_decimal_int=\count169
\l_fp_trig_extended_int=\count170
\l_fp_internal_dim=\dimen127
\l_fp_internal_skip=\skip51
)
(d:\CTEX\MiKTeX\tex\latex\l3kernel\l3box.sty
Package: l3box 2012/02/18 v3432 L3 Experimental boxes
\l_tmpb_box=\box29
\l_box_top_dim=\dimen128
\l_box_bottom_dim=\dimen129
\l_box_left_dim=\dimen130
\l_box_right_dim=\dimen131
\l_box_top_new_dim=\dimen132
\l_box_bottom_new_dim=\dimen133
\l_box_left_new_dim=\dimen134
\l_box_right_new_dim=\dimen135
\l_box_internal_box=\box30
)
(d:\CTEX\MiKTeX\tex\latex\l3kernel\l3coffins.sty
Package: l3coffins 2012/02/26 v3460 L3 Experimental coffin code layer
\l_coffin_internal_box=\box31
\l_coffin_internal_dim=\dimen136
\l_coffin_offset_x_dim=\dimen137
\l_coffin_offset_y_dim=\dimen138
\l_coffin_x_dim=\dimen139
\l_coffin_y_dim=\dimen140
\l_coffin_x_prime_dim=\dimen141
\l_coffin_y_prime_dim=\dimen142
\l_coffin_Depth_dim=\dimen143
\l_coffin_Height_dim=\dimen144
\l_coffin_TotalHeight_dim=\dimen145
\l_coffin_Width_dim=\dimen146
\c_empty_coffin=\box32
\l_coffin_aligned_coffin=\box33
\l_coffin_aligned_internal_coffin=\box34
\l_coffin_bounding_shift_dim=\dimen147
\l_coffin_left_corner_dim=\dimen148
\l_coffin_right_corner_dim=\dimen149
\l_coffin_bottom_corner_dim=\dimen150
\l_coffin_top_corner_dim=\dimen151
\l_coffin_scaled_total_height_dim=\dimen152
\l_coffin_scaled_width_dim=\dimen153
\l_coffin_display_coffin=\box35
\l_coffin_display_coord_coffin=\box36
\l_coffin_display_pole_coffin=\box37
\l_coffin_display_offset_dim=\dimen154
\l_coffin_display_x_dim=\dimen155
\l_coffin_display_y_dim=\dimen156
)
(d:\CTEX\MiKTeX\tex\latex\l3kernel\l3color.sty
Package: l3color 2011/09/07 v2776 L3 Experimental colour support
)
(d:\CTEX\MiKTeX\tex\latex\l3kernel\l3luatex.sty
Package: l3luatex 2012/02/09 v3355 L3 Experimental LuaTeX-specific functions
\g_cctab_allocate_int=\count171
\g_cctab_stack_int=\count172
))
Package: xparse 2012/02/26 v3471 L3 Experimental document command parser
\l_xparse_current_arg_int=\count173
\l_xparse_m_args_int=\count174
\l_xparse_mandatory_args_int=\count175
\l_xparse_processor_int=\count176
\l_xparse_v_nesting_int=\count177
)
(d:\CTEX\MiKTeX\tex\latex\etoolbox\etoolbox.sty
Package: etoolbox 2011/01/03 v2.1 e-TeX tools for LaTeX
\etb@tempcnta=\count178
)
(d:\CTEX\MiKTeX\tex\latex\oberdiek\zref-abspage.sty
Package: zref-abspage 2011/03/18 v2.21 Module abspage for zref (HO)

(d:\CTEX\MiKTeX\tex\latex\oberdiek\zref-base.sty
Package: zref-base 2011/03/18 v2.21 Module base for zref (HO)

(d:\CTEX\MiKTeX\tex\generic\oberdiek\kvdefinekeys.sty
Package: kvdefinekeys 2011/04/07 v1.3 Defining keys (HO)
)
(d:\CTEX\MiKTeX\tex\generic\oberdiek\pdftexcmds.sty
Package: pdftexcmds 2011/04/22 v0.16 Utilities of pdfTeX for LuaTeX (HO)
Package pdftexcmds Info: LuaTeX not detected.
Package pdftexcmds Info: \pdf@primitive is available.
Package pdftexcmds Info: \pdf@ifprimitive is available.
Package pdftexcmds Info: \pdfdraftmode found.
)
(d:\CTEX\MiKTeX\tex\latex\oberdiek\auxhook.sty
Package: auxhook 2011/03/04 v1.3 Hooks for auxiliary files (HO)
)
Package zref Info: New property list: main on input line 707.
Package zref Info: New property: default on input line 708.
Package zref Info: New property: page on input line 709.
)
\c@abspage=\count179
Package zref Info: New property: abspage on input line 62.
)
\mdf@templength=\skip52
\c@mdf@globalstyle@cnt=\count180
\mdf@skipabove@length=\skip53
\mdf@skipbelow@length=\skip54
\mdf@leftmargin@length=\skip55
\mdf@rightmargin@length=\skip56
\mdf@innerleftmargin@length=\skip57
\mdf@innerrightmargin@length=\skip58
\mdf@innertopmargin@length=\skip59
\mdf@innerbottommargin@length=\skip60
\mdf@splittopskip@length=\skip61
\mdf@splitbottomskip@length=\skip62
\mdf@outermargin@length=\skip63
\mdf@innermargin@length=\skip64
\mdf@linewidth@length=\skip65
\mdf@innerlinewidth@length=\skip66
\mdf@middlelinewidth@length=\skip67
\mdf@outerlinewidth@length=\skip68
\mdf@roundcorner@length=\skip69
\mdf@footenotedistance@length=\skip70
\mdf@userdefinedwidth@length=\skip71
\mdf@frametitleaboveskip@length=\skip72
\mdf@frametitlebelowskip@length=\skip73
\mdf@frametitlerulewidth@length=\skip74
\mdf@frametitleleftmargin@length=\skip75
\mdf@frametitlerightmargin@length=\skip76
\mdf@shadowsize@length=\skip77
\mdf@frametitlebox=\box38
\mdf@footnotebox=\box39
\mdf@splitbox@one=\box40
\mdf@splitbox@two=\box41
\mdfsplitboxwidth=\skip78
\mdfsplitboxtotalwidth=\skip79
\mdfsplitboxheight=\skip80
\mdfsplitboxdepth=\skip81
\mdfsplitboxtotalheight=\skip82
\mdfframetitleboxwidth=\skip83
\mdfframetitleboxtotalwidth=\skip84
\mdfframetitleboxheight=\skip85
\mdfframetitleboxdepth=\skip86
\mdfframetitleboxtotalheight=\skip87
\mdffootnoteboxwidth=\skip88
\mdffootnoteboxtotalwidth=\skip89
\mdffootnoteboxheight=\skip90
\mdffootnoteboxdepth=\skip91
\mdffootnoteboxtotalheight=\skip92
\mdftotallinewidth=\skip93
\mdfboundingboxwidth=\skip94
\mdfboundingboxtotalwidth=\skip95
\mdfboundingboxheight=\skip96
\mdfboundingboxdepth=\skip97
\mdfboundingboxtotalheight=\skip98
\mdf@freevspace@length=\skip99
\mdf@horizontalwidthofbox@length=\skip100
\mdf@verticalmarginwhole@length=\skip101
.................................................
. LaTeX info: "xparse/define-command"
. 
. Defining document command \newmdtheoremenv with arg. spec. 'O{} m o m o ' on
. line 483.
.................................................
.................................................
. LaTeX info: "xparse/define-command"
. 
. Defining document command \mdtheorem with arg. spec. ' O{} m o m o ' on line
. 563.
.................................................

(d:\CTEX\MiKTeX\tex\latex\mdframed\md-frame-0.mdf
File: md-frame-0.mdf 2012/03/04 v1.4: md-frame-0
)
\c@mdf@zref@counter=\count181
Package zref Info: New property: mdf@pagevalue on input line 764.
\mdf@horizontalspaceofbox=\skip102
)
(d:\CTEX\MiKTeX\tex\latex\tools\enumerate.sty
Package: enumerate 1999/03/05 v3.00 enumerate extensions (DPC)
\@enLab=\toks22
)
(d:\CTEX\MiKTeX\tex\latex\multirow\multirow.sty
\bigstrutjot=\dimen157
)
(d:\CTEX\MiKTeX\tex\latex\oberdiek\epstopdf.sty
Package: epstopdf 2010/02/09 v2.5 Conversion with epstopdf on the fly (HO)

(d:\CTEX\MiKTeX\tex\latex\oberdiek\epstopdf-base.sty
Package: epstopdf-base 2010/02/09 v2.5 Base part for package epstopdf

(d:\CTEX\MiKTeX\tex\latex\oberdiek\grfext.sty
Package: grfext 2010/08/19 v1.1 Managing graphics extensions (HO)
)
Package grfext Info: Graphics extension search list:
(grfext)             [.png,.pdf,.jpg,.mps,.jpeg,.jbig2,.jb2,.PNG,.PDF,.JPG,.JPE
G,.JBIG2,.JB2,.eps]
(grfext)             \AppendGraphicsExtensions on input line 452.
))
(d:\CTEX\MiKTeX\tex\latex\subfigure\subfigure.sty
Package: subfigure 2002/07/30 v2.1.4 subfigure package
\subfigtopskip=\skip103
\subfigcapskip=\skip104
\subfigcaptopadj=\dimen158
\subfigbottomskip=\skip105
\subfigcapmargin=\dimen159
\subfiglabelskip=\skip106
\c@subfigure=\count182
\c@lofdepth=\count183
\c@subtable=\count184
\c@lotdepth=\count185

****************************************
* Local config file subfigure.cfg used *
****************************************
(d:\CTEX\MiKTeX\tex\latex\subfigure\subfigure.cfg)
\subfig@top=\skip107
\subfig@bottom=\skip108
)
(d:\CTEX\MiKTeX\tex\latex\ltxmisc\url.sty
\Urlmuskip=\muskip11
Package: url 2006/04/12  ver 3.3  Verb mode for urls, etc.
)
(d:\CTEX\MiKTeX\tex\latex\hyperref\hyperref.sty
Package: hyperref 2012/02/06 v6.82o Hypertext links for LaTeX

(d:\CTEX\MiKTeX\tex\generic\oberdiek\hobsub-hyperref.sty
Package: hobsub-hyperref 2011/04/23 v1.4 Bundle oberdiek, subset hyperref (HO)

(d:\CTEX\MiKTeX\tex\generic\oberdiek\hobsub-generic.sty
Package: hobsub-generic 2011/04/23 v1.4 Bundle oberdiek, subset generic (HO)
Package: hobsub 2011/04/23 v1.4 Subsetting bundle oberdiek (HO)
Package hobsub Info: Skipping package `infwarerr' (already loaded).
Package hobsub Info: Skipping package `ltxcmds' (already loaded).
Package hobsub Info: Skipping package `ifluatex' (already loaded).
Package hobsub Info: Skipping package `ifvtex' (already loaded).
Package: intcalc 2007/09/27 v1.1 Expandable integer calculations (HO)
Package hobsub Info: Skipping package `ifpdf' (already loaded).
Package hobsub Info: Skipping package `etexcmds' (already loaded).
Package hobsub Info: Skipping package `kvsetkeys' (already loaded).
Package hobsub Info: Skipping package `kvdefinekeys' (already loaded).
Package hobsub Info: Skipping package `pdftexcmds' (already loaded).
Package: pdfescape 2011/04/04 v1.12 Provides string conversions (HO)
Package: bigintcalc 2011/01/30 v1.2 Expandable big integer calculations (HO)
Package: bitset 2011/01/30 v1.1 Data type bit set (HO)
Package: uniquecounter 2011/01/30 v1.2 Provides unlimited unique counter (HO)
)
Package hobsub Info: Skipping package `hobsub' (already loaded).
Package: letltxmacro 2010/09/02 v1.4 Let assignment for LaTeX macros (HO)
Package: hopatch 2011/01/30 v1.0 Wrapper for package hooks (HO)
Package: xcolor-patch 2011/01/30 xcolor patch
Package: atveryend 2011/04/23 v1.7 Hooks at very end of document (HO)
Package hobsub Info: Skipping package `atbegshi' (already loaded).
Package: refcount 2010/12/01 v3.2 Data extraction from references (HO)
Package: hycolor 2011/01/30 v1.7 Color options of hyperref/bookmark (HO)
)
\@linkdim=\dimen160
\Hy@linkcounter=\count186
\Hy@pagecounter=\count187

(d:\CTEX\MiKTeX\tex\latex\hyperref\pd1enc.def
File: pd1enc.def 2012/02/06 v6.82o Hyperref: PDFDocEncoding definition (HO)
)
\Hy@SavedSpaceFactor=\count188

(d:\CTEX\MiKTeX\tex\latex\00miktex\hyperref.cfg
File: hyperref.cfg 2002/06/06 v1.2 hyperref configuration of TeXLive
)
Package hyperref Info: Option `colorlinks' set `true' on input line 3925.
Package hyperref Info: Hyper figures OFF on input line 4046.
Package hyperref Info: Link nesting OFF on input line 4051.
Package hyperref Info: Hyper index ON on input line 4054.
Package hyperref Info: Plain pages OFF on input line 4061.
Package hyperref Info: Backreferencing OFF on input line 4066.
Package hyperref Info: Implicit mode ON; LaTeX internals redefined.
Package hyperref Info: Bookmarks ON on input line 4284.
\c@Hy@tempcnt=\count189
LaTeX Info: Redefining \url on input line 4637.
\Fld@menulength=\count190
\Field@Width=\dimen161
\Fld@charsize=\dimen162
Package hyperref Info: Hyper figures OFF on input line 5757.
Package hyperref Info: Link nesting OFF on input line 5762.
Package hyperref Info: Hyper index ON on input line 5765.
Package hyperref Info: backreferencing OFF on input line 5772.
Package hyperref Info: Link coloring ON on input line 5775.
Package hyperref Info: Link coloring with OCG OFF on input line 5782.
Package hyperref Info: PDF/A mode OFF on input line 5787.
LaTeX Info: Redefining \ref on input line 5827.
LaTeX Info: Redefining \pageref on input line 5831.
\Hy@abspage=\count191
\c@Item=\count192
\c@Hfootnote=\count193
)

Package hyperref Message: Driver (autodetected): hpdftex.

(d:\CTEX\MiKTeX\tex\latex\hyperref\hpdftex.def
File: hpdftex.def 2012/02/06 v6.82o Hyperref driver for pdfTeX
\Fld@listcount=\count194
\c@bookmark@seq@number=\count195

(d:\CTEX\MiKTeX\tex\latex\oberdiek\rerunfilecheck.sty
Package: rerunfilecheck 2011/04/15 v1.7 Rerun checks for auxiliary files (HO)
Package uniquecounter Info: New unique counter `rerunfilecheck' on input line 2
82.
)
\Hy@SectionHShift=\skip109
)
(d:\CTEX\MiKTeX\tex\latex\fancyhdr\fancyhdr.sty
\fancy@headwidth=\skip110
\f@ncyO@elh=\skip111
\f@ncyO@erh=\skip112
\f@ncyO@olh=\skip113
\f@ncyO@orh=\skip114
\f@ncyO@elf=\skip115
\f@ncyO@erf=\skip116
\f@ncyO@olf=\skip117
\f@ncyO@orf=\skip118
)
(d:\CTEX\MiKTeX\tex\latex\titlesec\titlesec.sty
Package: titlesec 2011/12/15 v2.10.0 Sectioning titles
\ttl@box=\box42
\beforetitleunit=\skip119
\aftertitleunit=\skip120
\ttl@plus=\dimen163
\ttl@minus=\dimen164
\ttl@toksa=\toks23
\titlewidth=\dimen165
\titlewidthlast=\dimen166
\titlewidthfirst=\dimen167
)
(E:\MyNotes\Convex_Set\Convex_Set.aux)
LaTeX Font Info:    Checking defaults for OML/cmm/m/it on input line 76.
LaTeX Font Info:    ... okay on input line 76.
LaTeX Font Info:    Checking defaults for T1/cmr/m/n on input line 76.
LaTeX Font Info:    ... okay on input line 76.
LaTeX Font Info:    Checking defaults for OT1/cmr/m/n on input line 76.
LaTeX Font Info:    ... okay on input line 76.
LaTeX Font Info:    Checking defaults for OMS/cmsy/m/n on input line 76.
LaTeX Font Info:    ... okay on input line 76.
LaTeX Font Info:    Checking defaults for OMX/cmex/m/n on input line 76.
LaTeX Font Info:    ... okay on input line 76.
LaTeX Font Info:    Checking defaults for U/cmr/m/n on input line 76.
LaTeX Font Info:    ... okay on input line 76.
LaTeX Font Info:    Checking defaults for C00/song/m/n on input line 76.
LaTeX Font Info:    ... okay on input line 76.
LaTeX Font Info:    Checking defaults for C05/song/m/n on input line 76.
LaTeX Font Info:    ... okay on input line 76.
LaTeX Font Info:    Checking defaults for C09/song/m/n on input line 76.
LaTeX Font Info:    ... okay on input line 76.
LaTeX Font Info:    Checking defaults for C10/song/m/n on input line 76.
LaTeX Font Info:    ... okay on input line 76.
LaTeX Font Info:    Checking defaults for C20/song/m/n on input line 76.
LaTeX Font Info:    ... okay on input line 76.
LaTeX Font Info:    Checking defaults for C19/song/m/n on input line 76.
LaTeX Font Info:    ... okay on input line 76.
LaTeX Font Info:    Checking defaults for C40/song/m/n on input line 76.
LaTeX Font Info:    ... okay on input line 76.
LaTeX Font Info:    Checking defaults for C42/song/m/n on input line 76.
LaTeX Font Info:    ... okay on input line 76.
LaTeX Font Info:    Checking defaults for C43/song/m/n on input line 76.
LaTeX Font Info:    ... okay on input line 76.
LaTeX Font Info:    Checking defaults for C50/song/m/n on input line 76.
LaTeX Font Info:    ... okay on input line 76.
LaTeX Font Info:    Checking defaults for C52/song/m/n on input line 76.
LaTeX Font Info:    ... okay on input line 76.
LaTeX Font Info:    Checking defaults for C49/song/m/n on input line 76.
LaTeX Font Info:    ... okay on input line 76.
LaTeX Font Info:    Checking defaults for C60/mj/m/n on input line 76.
LaTeX Font Info:    ... okay on input line 76.
LaTeX Font Info:    Checking defaults for C61/mj/m/n on input line 76.
LaTeX Font Info:    ... okay on input line 76.
LaTeX Font Info:    Checking defaults for C63/mj/m/n on input line 76.
LaTeX Font Info:    ... okay on input line 76.
LaTeX Font Info:    Checking defaults for C64/mj/m/n on input line 76.
LaTeX Font Info:    ... okay on input line 76.
LaTeX Font Info:    Checking defaults for C65/mj/m/n on input line 76.
LaTeX Font Info:    ... okay on input line 76.
LaTeX Font Info:    Checking defaults for C70/song/m/n on input line 76.
LaTeX Font Info:    ... okay on input line 76.
LaTeX Font Info:    Checking defaults for C31/song/m/n on input line 76.
LaTeX Font Info:    ... okay on input line 76.
LaTeX Font Info:    Checking defaults for C32/song/m/n on input line 76.
LaTeX Font Info:    ... okay on input line 76.
LaTeX Font Info:    Checking defaults for C33/song/m/n on input line 76.
LaTeX Font Info:    ... okay on input line 76.
LaTeX Font Info:    Checking defaults for C34/song/m/n on input line 76.
LaTeX Font Info:    ... okay on input line 76.
LaTeX Font Info:    Checking defaults for C35/song/m/n on input line 76.
LaTeX Font Info:    ... okay on input line 76.
LaTeX Font Info:    Checking defaults for C36/song/m/n on input line 76.
LaTeX Font Info:    ... okay on input line 76.
LaTeX Font Info:    Checking defaults for C37/song/m/n on input line 76.
LaTeX Font Info:    ... okay on input line 76.
LaTeX Font Info:    Checking defaults for C80/song/m/n on input line 76.
LaTeX Font Info:    ... okay on input line 76.
LaTeX Font Info:    Checking defaults for C81/song/m/n on input line 76.
LaTeX Font Info:    ... okay on input line 76.
LaTeX Font Info:    Checking defaults for C01/song/m/n on input line 76.
LaTeX Font Info:    ... okay on input line 76.
LaTeX Font Info:    Checking defaults for C11/song/m/n on input line 76.
LaTeX Font Info:    ... okay on input line 76.
LaTeX Font Info:    Checking defaults for C21/song/m/n on input line 76.
LaTeX Font Info:    ... okay on input line 76.
LaTeX Font Info:    Checking defaults for C41/song/m/n on input line 76.
LaTeX Font Info:    ... okay on input line 76.
LaTeX Font Info:    Checking defaults for C62/song/m/n on input line 76.
LaTeX Font Info:    ... okay on input line 76.
LaTeX Font Info:    Checking defaults for PD1/pdf/m/n on input line 76.
LaTeX Font Info:    ... okay on input line 76.

(d:\CTEX\MiKTeX\tex\context\base\supp-pdf.mkii
[Loading MPS to PDF converter (version 2006.09.02).]
\scratchcounter=\count196
\scratchdimen=\dimen168
\scratchbox=\box43
\nofMPsegments=\count197
\nofMParguments=\count198
\everyMPshowfont=\toks24
\MPscratchCnt=\count199
\MPscratchDim=\dimen169
\MPnumerator=\count200
\makeMPintoPDFobject=\count201
\everyMPtoPDFconversion=\toks25
)
\AtBeginShipoutBox=\box44
Package lastpage Info: Please have a look at the pageslts package at
(lastpage)             http://www.ctan.org/tex-archive/ 
(lastpage)             macros/latex/contrib/pageslts/ 
(lastpage)             or
(lastpage)             http://www.ctan.org/tex-archive/ 
(lastpage)             install/macros/latex/contrib/pageslts.tds.zip
(lastpage)             ! on input line 76.

*geometry* driver: auto-detecting
*geometry* detected driver: pdftex
*geometry* verbose mode - [ preamble ] result:
* driver: pdftex
* paper: <default>
* layout: <same size as paper>
* layoutoffset:(h,v)=(0.0pt,0.0pt)
* modes: 
* h-part:(L,W,R)=(76.82234pt, 489.10307pt, 48.36958pt)
* v-part:(T,H,B)=(46.94687pt, 719.57037pt, 28.45274pt)
* \paperwidth=614.295pt
* \paperheight=794.96999pt
* \textwidth=489.10307pt
* \textheight=719.57037pt
* \oddsidemargin=4.55235pt
* \evensidemargin=4.55235pt
* \topmargin=-62.32312pt
* \headheight=15.0pt
* \headsep=25.0pt
* \topskip=12.0pt
* \footskip=30.0pt
* \marginparwidth=44.0pt
* \marginparsep=10.0pt
* \columnsep=10.0pt
* \skip\footins=10.8pt plus 4.0pt minus 2.0pt
* \hoffset=0.0pt
* \voffset=0.0pt
* \mag=1000
* \@twocolumnfalse
* \@twosidefalse
* \@mparswitchfalse
* \@reversemarginfalse
* (1in=72.27pt=25.4mm, 1cm=28.453pt)

Package hyperref Info: Link coloring ON on input line 76.
(d:\CTEX\MiKTeX\tex\latex\hyperref\nameref.sty
Package: nameref 2010/04/30 v2.40 Cross-referencing by name of section

(d:\CTEX\MiKTeX\tex\generic\oberdiek\gettitlestring.sty
Package: gettitlestring 2010/12/03 v1.4 Cleanup title references (HO)
)
Normal \count register pool exhausted, switching to extended pool.
\c@section@level=\count277
)
LaTeX Info: Redefining \ref on input line 76.
LaTeX Info: Redefining \pageref on input line 76.
LaTeX Info: Redefining \nameref on input line 76.

(E:\MyNotes\Convex_Set\Convex_Set.out) (E:\MyNotes\Convex_Set\Convex_Set.out)
\@outlinefile=\write3

(d:\CTEX\MiKTeX\tex\latex\cjk\standard.bdg
File: standard.bdg 2008/12/29 4.8.2
)
(d:\CTEX\MiKTeX\tex\latex\cjk\extended.enc
File: extended.enc 2008/12/29 4.8.2
)
(d:\CTEX\MiKTeX\tex\latex\cjk\extended.chr
File: extended.chr 2008/12/29 4.8.2
)
LaTeX Font Info:    Try loading font information for T1+fau on input line 79.

(d:\CTEX\MiKTeX\tex\latex\emerald\t1fau.fd
File: t1fau.fd 2006/01/25 Fontinst v1.926 font definitions for T1/fau.
)
LaTeX Font Info:    Try loading font information for C19+song on input line 102
.

(d:\CTEX\CTeX\tex\latex\CJK\GB\c19song.fd
File: c19song.fd 2009/09/23 4.8.2
)

LaTeX Font Warning: Font shape `T1/fau/bx/n' undefined
(Font)              using `T1/fau/m/n' instead on input line 103.

<affineset.png, id=4, 355.3275pt x 243.91125pt>
File: affineset.png Graphic file (type png)
 <use affineset.png>
Package pdftex.def Info: affineset.png used on input line 107.
(pdftex.def)             Requested size: 244.55153pt x 167.87465pt.


Package Fancyhdr Warning: \headheight is too small (15.0pt): 
 Make it at least 18.0pt.
 We now make it that large for the rest of the document.
 This may cause the page layout to be inconsistent, however.

<background.png, id=6, 2559.5625pt x 3312.375pt>
File: background.png Graphic file (type png)
 <use background.png>
Package pdftex.def Info: background.png used on input line 132.
(pdftex.def)             Requested size: 614.26851pt x 794.93571pt.
 [1{d:/CTEX/UserData/pdftex/config/pdftex.map{Unicode.sfd}{UGBK.sfd}}

 <E:/MyNotes/Convex_Set/background.png> <E:/MyNotes/Convex_Set/affineset.png>]
<convexset.png, id=49, 502.87875pt x 139.52126pt>
File: convexset.png Graphic file (type png)
 <use convexset.png>
Package pdftex.def Info: convexset.png used on input line 138.
(pdftex.def)             Requested size: 489.10307pt x 135.69948pt.

<convexcombination.png, id=50, 719.68875pt x 222.8325pt>
File: convexcombination.png Graphic file (type png)

<use convexcombination.png>
Package pdftex.def Info: convexcombination.png used on input line 150.
(pdftex.def)             Requested size: 489.10307pt x 151.44249pt.
 <convexhull.png, id=51, 448.67625pt x 146.5475pt>
File: convexhull.png Graphic file (type png)

<use convexhull.png>
Package pdftex.def Info: convexhull.png used on input line 160.
(pdftex.def)             Requested size: 489.10307pt x 159.75818pt.
File: background.png Graphic file (type png)
 <use background.png>
Package pdftex.def Info: background.png used on input line 169.
(pdftex.def)             Requested size: 614.26851pt x 794.93571pt.
 [2 <E:/MyNotes/Convex_Set/convexset.png> <E:/MyNotes/Convex_Set/convexcombinat
ion.png>]
<coniccombination.png, id=60, 746.79pt x 439.6425pt>
File: coniccombination.png Graphic file (type png)

<use coniccombination.png>
Package pdftex.def Info: coniccombination.png used on input line 174.
(pdftex.def)             Requested size: 489.10307pt x 287.93774pt.
File: background.png Graphic file (type png)
 <use background.png>
Package pdftex.def Info: background.png used on input line 181.
(pdftex.def)             Requested size: 614.26851pt x 794.93571pt.
 [3 <E:/MyNotes/Convex_Set/convexhull.png> <E:/MyNotes/Convex_Set/coniccombinat
ion.png>]
<conichull.png, id=66, 499.8675pt x 261.97874pt>
File: conichull.png Graphic file (type png)
 <use conichull.png>
Package pdftex.def Info: conichull.png used on input line 189.
(pdftex.def)             Requested size: 489.10307pt x 256.34566pt.


LaTeX Font Warning: Font shape `T1/llcmtt/m/n' will be
(Font)              scaled to size 15.0pt on input line 204.

<hyperplanehalfspace.png, id=68, 615.29875pt x 455.7025pt>
File: hyperplanehalfspace.png Graphic file (type png)

<use hyperplanehalfspace.png>
Package pdftex.def Info: hyperplanehalfspace.png used on input line 207.
(pdftex.def)             Requested size: 489.10307pt x 362.24698pt.
File: background.png Graphic file (type png)
 <use background.png>
Package pdftex.def Info: background.png used on input line 209.
(pdftex.def)             Requested size: 614.26851pt x 794.93571pt.
 [4 <E:/MyNotes/Convex_Set/conichull.png>] <euclideanball.png, id=79, 717.68124
pt x 161.60374pt>
File: euclideanball.png Graphic file (type png)

<use euclideanball.png>
Package pdftex.def Info: euclideanball.png used on input line 222.
(pdftex.def)             Requested size: 489.10307pt x 110.13567pt.
 <ellipsoid.png, id=80, 605.26125pt x 334.24875pt>
File: ellipsoid.png Graphic file (type png)

<use ellipsoid.png>
Package pdftex.def Info: ellipsoid.png used on input line 230.
(pdftex.def)             Requested size: 489.10307pt x 270.10246pt.

<otherrepresentationellipsoid.png, id=81, 757.83125pt x 63.23625pt>
File: otherrepresentationellipsoid.png Graphic file (type png)

<use otherrepresentationellipsoid.png>
Package pdftex.def Info: otherrepresentationellipsoid.png used on input line 23
8.
(pdftex.def)             Requested size: 489.10307pt x 40.81262pt.

<normballsandnormcones1.png, id=82, 967.615pt x 365.365pt>
File: normballsandnormcones1.png Graphic file (type png)

<use normballsandnormcones1.png>
Package pdftex.def Info: normballsandnormcones1.png used on input line 245.
(pdftex.def)             Requested size: 489.10307pt x 184.68347pt.
File: background.png Graphic file (type png)
 <use background.png>
Package pdftex.def Info: background.png used on input line 250.
(pdftex.def)             Requested size: 614.26851pt x 794.93571pt.
 [5 <E:/MyNotes/Convex_Set/hyperplanehalfspace.png>]
File: background.png Graphic file (type png)
 <use background.png>
Package pdftex.def Info: background.png used on input line 253.
(pdftex.def)             Requested size: 614.26851pt x 794.93571pt.
 [6 <E:/MyNotes/Convex_Set/euclideanball.png> <E:/MyNotes/Convex_Set/ellipsoid.
png> <E:/MyNotes/Convex_Set/otherrepresentationellipsoid.png> <E:/MyNotes/Conve
x_Set/normballsandnormcones1.png>] <normballsandnormcones2.png, id=96, 932.4837
5pt x 315.1775pt>
File: normballsandnormcones2.png Graphic file (type png)

<use normballsandnormcones2.png>
Package pdftex.def Info: normballsandnormcones2.png used on input line 262.
(pdftex.def)             Requested size: 489.10307pt x 165.31677pt.

<polyhedra.png, id=97, 777.90625pt x 470.75874pt>
File: polyhedra.png Graphic file (type png)
 <use polyhedra.png>
Package pdftex.def Info: polyhedra.png used on input line 270.
(pdftex.def)             Requested size: 489.10307pt x 295.99055pt.
File: background.png Graphic file (type png)

<use background.png>
Package pdftex.def Info: background.png used on input line 274.
(pdftex.def)             Requested size: 614.26851pt x 794.93571pt.
 [7 <E:/MyNotes/Convex_Set/normballsandnormcones2.png> <E:/MyNotes/Convex_Set/p
olyhedra.png>]
<positivesemidefinitecone.png, id=105, 766.865pt x 323.2075pt>
File: positivesemidefinitecone.png Graphic file (type png)

<use positivesemidefinitecone.png>
Package pdftex.def Info: positivesemidefinitecone.png used on input line 279.
(pdftex.def)             Requested size: 489.10307pt x 206.14192pt.

<positivesemidefinitecone2.png, id=106, 532.99126pt x 327.2225pt>
File: positivesemidefinitecone2.png Graphic file (type png)

<use positivesemidefinitecone2.png>
Package pdftex.def Info: positivesemidefinitecone2.png used on input line 287.
(pdftex.def)             Requested size: 489.10307pt x 300.28941pt.

<operationsthatpreserveconvexity1.png, id=107, 703.62875pt x 233.87375pt>
File: operationsthatpreserveconvexity1.png Graphic file (type png)

<use operationsthatpreserveconvexity1.png>
Package pdftex.def Info: operationsthatpreserveconvexity1.png used on input lin
e 307.
(pdftex.def)             Requested size: 489.10307pt x 162.56853pt.
File: background.png Graphic file (type png)
 <use background.png>
Package pdftex.def Info: background.png used on input line 308.
(pdftex.def)             Requested size: 614.26851pt x 794.93571pt.
 [8 <E:/MyNotes/Convex_Set/positivesemidefinitecone.png>]
<operationsthatpreserveconvexity2.png, id=114, 528.97626pt x 364.36125pt>
File: operationsthatpreserveconvexity2.png Graphic file (type png)

<use operationsthatpreserveconvexity2.png>
Package pdftex.def Info: operationsthatpreserveconvexity2.png used on input lin
e 313.
(pdftex.def)             Requested size: 489.10307pt x 336.89543pt.

<operationsthatpreserveconvexity3.png, id=115, 543.02875pt x 378.41376pt>
File: operationsthatpreserveconvexity3.png Graphic file (type png)

<use operationsthatpreserveconvexity3.png>
Package pdftex.def Info: operationsthatpreserveconvexity3.png used on input lin
e 317.
(pdftex.def)             Requested size: 489.10307pt x 340.85216pt.

<affinefunction.png, id=116, 1205.50375pt x 340.27126pt>
File: affinefunction.png Graphic file (type png)

<use affinefunction.png>
Package pdftex.def Info: affinefunction.png used on input line 327.
(pdftex.def)             Requested size: 489.10307pt x 138.05313pt.
File: background.png Graphic file (type png)
 <use background.png>
Package pdftex.def Info: background.png used on input line 333.
(pdftex.def)             Requested size: 614.26851pt x 794.93571pt.
 [9 <E:/MyNotes/Convex_Set/positivesemidefinitecone2.png> <E:/MyNotes/Convex_Se
t/operationsthatpreserveconvexity1.png>]

LaTeX Warning: Text page 10 contains only floats.

File: background.png Graphic file (type png)
<use background.png>
Package pdftex.def Info: background.png used on input line 333.
(pdftex.def)             Requested size: 614.26851pt x 794.93571pt.
 [10 <E:/MyNotes/Convex_Set/operationsthatpreserveconvexity2.png> <E:/MyNotes/C
onvex_Set/operationsthatpreserveconvexity3.png>]
<teshifunction.png, id=127, 562.1pt x 262.9825pt>
File: teshifunction.png Graphic file (type png)
 <use teshifunction.png>
Package pdftex.def Info: teshifunction.png used on input line 342.
(pdftex.def)             Requested size: 489.10307pt x 228.82903pt.

<perspectivefunction.png, id=128, 477.785pt x 102.3825pt>
File: perspectivefunction.png Graphic file (type png)

<use perspectivefunction.png>
Package pdftex.def Info: perspectivefunction.png used on input line 348.
(pdftex.def)             Requested size: 489.10307pt x 104.80682pt.

<propercone.png, id=129, 717.68124pt x 161.60374pt>
File: propercone.png Graphic file (type png)
 <use propercone.png>
Package pdftex.def Info: propercone.png used on input line 356.
(pdftex.def)             Requested size: 489.10307pt x 110.13567pt.

<generalizeinequality1.png, id=130, 240.9pt x 39.14626pt>
File: generalizeinequality1.png Graphic file (type png)

<use generalizeinequality1.png>
Package pdftex.def Info: generalizeinequality1.png used on input line 362.
(pdftex.def)             Requested size: 489.10307pt x 79.48694pt.

<generalizeinequality2.png, id=131, 291.0875pt x 44.165pt>
File: generalizeinequality2.png Graphic file (type png)

<use generalizeinequality2.png>
Package pdftex.def Info: generalizeinequality2.png used on input line 370.
(pdftex.def)             Requested size: 489.10307pt x 74.21484pt.
File: background.png Graphic file (type png)
 <use background.png>
Package pdftex.def Info: background.png used on input line 372.
(pdftex.def)             Requested size: 614.26851pt x 794.93571pt.
 [11 <E:/MyNotes/Convex_Set/affinefunction.png> <E:/MyNotes/Convex_Set/teshifun
ction.png>]
<generalizeinequality3.png, id=137, 734.745pt x 139.52126pt>
File: generalizeinequality3.png Graphic file (type png)

<use generalizeinequality3.png>
Package pdftex.def Info: generalizeinequality3.png used on input line 376.
(pdftex.def)             Requested size: 489.10307pt x 92.87839pt.

<generalizeinequality4.png, id=138, 741.77126pt x 336.25626pt>
File: generalizeinequality4.png Graphic file (type png)

<use generalizeinequality4.png>
Package pdftex.def Info: generalizeinequality4.png used on input line 381.
(pdftex.def)             Requested size: 489.10307pt x 221.71944pt.
LaTeX Font Info:    Try loading font information for OMS+fau on input line 386.

LaTeX Font Info:    No file OMSfau.fd. on input line 386.


LaTeX Font Warning: Font shape `OMS/fau/m/n' undefined
(Font)              using `OMS/cmsy/m/n' instead
(Font)              for symbol `textbullet' on input line 386.

File: background.png Graphic file (type png)
<use background.png>
Package pdftex.def Info: background.png used on input line 390.
(pdftex.def)             Requested size: 614.26851pt x 794.93571pt.
 [12 <E:/MyNotes/Convex_Set/perspectivefunction.png> <E:/MyNotes/Convex_Set/pro
percone.png> <E:/MyNotes/Convex_Set/generalizeinequality1.png> <E:/MyNotes/Conv
ex_Set/generalizeinequality2.png> <E:/MyNotes/Convex_Set/generalizeinequality3.
png>]
<generalizeinequality5.png, id=145, 567.11874pt x 256.96pt>
File: generalizeinequality5.png Graphic file (type png)

<use generalizeinequality5.png>
Package pdftex.def Info: generalizeinequality5.png used on input line 397.
(pdftex.def)             Requested size: 489.10307pt x 221.62039pt.
 <minimum.png, id=146, 708.6475pt x 122.4575pt>
File: minimum.png Graphic file (type png)

<use minimum.png>
Package pdftex.def Info: minimum.png used on input line 405.
(pdftex.def)             Requested size: 489.10307pt x 84.52003pt.
File: background.png Graphic file (type png)
 <use background.png>
Package pdftex.def Info: background.png used on input line 407.
(pdftex.def)             Requested size: 614.26851pt x 794.93571pt.
 [13 <E:/MyNotes/Convex_Set/generalizeinequality4.png> <E:/MyNotes/Convex_Set/g
eneralizeinequality5.png>]
<minimal.png, id=153, 654.445pt x 134.5025pt>
File: minimal.png Graphic file (type png)
 <use minimal.png>
Package pdftex.def Info: minimal.png used on input line 413.
(pdftex.def)             Requested size: 489.10307pt x 100.52155pt.

<minimumminimal.png, id=154, 679.53876pt x 301.125pt>
File: minimumminimal.png Graphic file (type png)
 <use minimumminimal.png>
Package pdftex.def Info: minimumminimal.png used on input line 431.
(pdftex.def)             Requested size: 489.10307pt x 216.7363pt.

<separatinghyperplane.png, id=155, 747.79375pt x 435.6275pt>
File: separatinghyperplane.png Graphic file (type png)

<use separatinghyperplane.png>
Package pdftex.def Info: separatinghyperplane.png used on input line 440.
(pdftex.def)             Requested size: 489.10307pt x 284.9293pt.

<supporthyperplanes.png, id=156, 612.2875pt x 403.5075pt>
File: supporthyperplanes.png Graphic file (type png)

<use supporthyperplanes.png>
Package pdftex.def Info: supporthyperplanes.png used on input line 448.
(pdftex.def)             Requested size: 489.10307pt x 322.32619pt.
File: background.png Graphic file (type png)
 <use background.png>
Package pdftex.def Info: background.png used on input line 450.
(pdftex.def)             Requested size: 614.26851pt x 794.93571pt.
 [14 <E:/MyNotes/Convex_Set/minimum.png> <E:/MyNotes/Convex_Set/minimal.png>]
<dualcone1.png, id=162, 588.1975pt x 131.49126pt>
File: dualcone1.png Graphic file (type png)
 <use dualcone1.png>
Package pdftex.def Info: dualcone1.png used on input line 457.
(pdftex.def)             Requested size: 489.10307pt x 109.33833pt.

<dualcone2.png, id=163, 691.58376pt x 266.9975pt>
File: dualcone2.png Graphic file (type png)
 <use dualcone2.png>
Package pdftex.def Info: dualcone2.png used on input line 463.
(pdftex.def)             Requested size: 489.10307pt x 188.82805pt.
File: background.png Graphic file (type png)

<use background.png>
Package pdftex.def Info: background.png used on input line 465.
(pdftex.def)             Requested size: 614.26851pt x 794.93571pt.
 [15 <E:/MyNotes/Convex_Set/minimumminimal.png> <E:/MyNotes/Convex_Set/separati
nghyperplane.png>]
<dualcone3.png, id=169, 365.365pt x 268.00125pt>
File: dualcone3.png Graphic file (type png)
 <use dualcone3.png>
Package pdftex.def Info: dualcone3.png used on input line 469.
(pdftex.def)             Requested size: 489.10307pt x 358.78445pt.
File: background.png Graphic file (type png)

<use background.png>
Package pdftex.def Info: background.png used on input line 471.
(pdftex.def)             Requested size: 614.26851pt x 794.93571pt.
 [16 <E:/MyNotes/Convex_Set/supporthyperplanes.png> <E:/MyNotes/Convex_Set/dual
cone1.png> <E:/MyNotes/Convex_Set/dualcone2.png>]
<dualcone4.png, id=175, 567.11874pt x 232.87pt>
File: dualcone4.png Graphic file (type png)
 <use dualcone4.png>
Package pdftex.def Info: dualcone4.png used on input line 477.
(pdftex.def)             Requested size: 489.10307pt x 200.84346pt.
File: background.png Graphic file (type png)

<use background.png>
Package pdftex.def Info: background.png used on input line 482.
(pdftex.def)             Requested size: 614.26851pt x 794.93571pt.
 [17 <E:/MyNotes/Convex_Set/dualcone3.png> <E:/MyNotes/Convex_Set/dualcone4.png
>] 
AED: lastpage setting LastPage
File: background.png Graphic file (type png)
<use background.png>
Package pdftex.def Info: background.png used on input line 588.
(pdftex.def)             Requested size: 614.26851pt x 794.93571pt.
 [18]
Package atveryend Info: Empty hook `BeforeClearDocument' on input line 588.
Package atveryend Info: Empty hook `AfterLastShipout' on input line 588.
 (E:\MyNotes\Convex_Set\Convex_Set.aux)
Package atveryend Info: Executing hook `AtVeryEndDocument' on input line 588.
Package atveryend Info: Executing hook `AtEndAfterFileList' on input line 588.
Package rerunfilecheck Info: File `Convex_Set.out' has not changed.
(rerunfilecheck)             Checksum: D41D8CD98F00B204E9800998ECF8427E;0.


LaTeX Font Warning: Some font shapes were not available, defaults substituted.

 ) 
Here is how much of TeX's memory you used:
 14798 strings out of 495354
 228301 string characters out of 3183860
 331226 words of memory out of 3000000
 17621 multiletter control sequences out of 15000+200000
 36750 words of font info for 123 fonts, out of 3000000 for 9000
 14 hyphenation exceptions out of 8191
 38i,14n,43p,857b,676s stack positions out of 5000i,500n,10000p,200000b,50000s
{d:/CTEX/MiKTeX/fonts/enc/dvips/cm-super/cm-super-t1.enc}<d:/CTEX/CTeX/fonts/
truetype/chinese/simsun.ttf><d:/CTEX/CTeX/fonts/truetype/chinese/simsun.ttf><d:
/CTEX/CTeX/fonts/truetype/chinese/simsun.ttf><d:/CTEX/CTeX/fonts/truetype/chine
se/simsun.ttf><d:/CTEX/CTeX/fonts/truetype/chinese/simsun.ttf><d:/CTEX/CTeX/fon
ts/truetype/chinese/simsun.ttf><d:/CTEX/CTeX/fonts/truetype/chinese/simsun.ttf>
<d:/CTEX/CTeX/fonts/truetype/chinese/simsun.ttf><d:/CTEX/CTeX/fonts/truetype/ch
inese/simsun.ttf><d:/CTEX/CTeX/fonts/truetype/chinese/simsun.ttf><d:/CTEX/CTeX/
fonts/truetype/chinese/simsun.ttf><d:/CTEX/CTeX/fonts/truetype/chinese/simsun.t
tf><d:/CTEX/CTeX/fonts/truetype/chinese/simsun.ttf><d:/CTEX/CTeX/fonts/truetype
/chinese/simsun.ttf><d:/CTEX/CTeX/fonts/truetype/chinese/simsun.ttf><d:/CTEX/CT
eX/fonts/truetype/chinese/simsun.ttf><d:/CTEX/CTeX/fonts/truetype/chinese/simsu
n.ttf><d:/CTEX/CTeX/fonts/truetype/chinese/simsun.ttf><d:/CTEX/CTeX/fonts/truet
ype/chinese/simsun.ttf><d:/CTEX/CTeX/fonts/truetype/chinese/simsun.ttf><d:/CTEX
/CTeX/fonts/truetype/chinese/simsun.ttf><d:/CTEX/CTeX/fonts/truetype/chinese/si
msun.ttf><d:/CTEX/CTeX/fonts/truetype/chinese/simsun.ttf><d:/CTEX/CTeX/fonts/tr
uetype/chinese/simsun.ttf><d:/CTEX/CTeX/fonts/truetype/chinese/simsun.ttf><d:/C
TEX/CTeX/fonts/truetype/chinese/simsun.ttf><d:/CTEX/CTeX/fonts/truetype/chinese
/simsun.ttf><d:/CTEX/CTeX/fonts/truetype/chinese/simsun.ttf><d:/CTEX/CTeX/fonts
/truetype/chinese/simsun.ttf><d:/CTEX/CTeX/fonts/truetype/chinese/simsun.ttf><d
:/CTEX/CTeX/fonts/truetype/chinese/simsun.ttf><d:/CTEX/CTeX/fonts/truetype/chin
ese/simsun.ttf>{d:/CTEX/MiKTeX/fonts/enc/dvips/fontname/8r.enc}<d:/CTEX/MiKTeX/
fonts/type1/public/amsfonts/cm/cmsy10.pfb><d:/CTEX/MiKTeX/fonts/type1/emerald/f
aumw.pfb><d:/CTEX/MiKTeX/fonts/type1/public/lxfonts/lcmex8.pfb><d:/CTEX/MiKTeX/
fonts/type1/public/lxfonts/lcmmi8.pfb><d:/CTEX/MiKTeX/fonts/type1/public/lxfont
s/lcmsy8.pfb><d:/CTEX/MiKTeX/fonts/type1/public/lxfonts/leclb8.pfb><d:/CTEX/MiK
TeX/fonts/type1/public/lxfonts/llcmss8.pfb><d:/CTEX/MiKTeX/fonts/type1/public/l
xfonts/llcmssb8.pfb><d:/CTEX/MiKTeX/fonts/type1/public/cm-super/sfltt8.pfb>
Output written on Convex_Set.pdf (18 pages, 6885908 bytes).
PDF statistics:
 319 PDF objects out of 1000 (max. 8388607)
 27 named destinations out of 1000 (max. 500000)
 186 words of extra memory for PDF output out of 10000 (max. 10000000)

